Generated at 2019-03-26 17:52:57 +0000
Chef::Exceptions::CookbookNotFound: cookbook_file[/etc/motd] (@recipe_files::/root/chef-repo/cookbooks/motd/recipes/default.rb line 9) had an error: Chef::Exceptions::CookbookNotFound: Cookbook @recipe_files not found. If you're loading @recipe_files from another cookbook, make sure you configure the dependency in your metadata
/opt/chef/embedded/lib/ruby/gems/2.5.0/gems/chef-14.11.21/lib/chef/cookbook/cookbook_collection.rb:39:in `block in initialize'
/opt/chef/embedded/lib/ruby/gems/2.5.0/gems/ohai-14.8.10/lib/ohai/mash.rb:72:in `default'
/opt/chef/embedded/lib/ruby/gems/2.5.0/gems/ohai-14.8.10/lib/ohai/mash.rb:72:in `default'
/opt/chef/embedded/lib/ruby/gems/2.5.0/gems/chef-14.11.21/lib/chef/provider/cookbook_file/content.rb:30:in `[]'
/opt/chef/embedded/lib/ruby/gems/2.5.0/gems/chef-14.11.21/lib/chef/provider/cookbook_file/content.rb:30:in `file_for_provider'
/opt/chef/embedded/lib/ruby/gems/2.5.0/gems/chef-14.11.21/lib/chef/file_content_management/content_base.rb:42:in `tempfile'
/opt/chef/embedded/lib/ruby/gems/2.5.0/gems/chef-14.11.21/lib/chef/provider/file.rb:450:in `tempfile'
/opt/chef/embedded/lib/ruby/gems/2.5.0/gems/chef-14.11.21/lib/chef/provider/file.rb:327:in `do_generate_content'
/opt/chef/embedded/lib/ruby/gems/2.5.0/gems/chef-14.11.21/lib/chef/provider/file.rb:140:in `action_create'
/opt/chef/embedded/lib/ruby/gems/2.5.0/gems/chef-14.11.21/lib/chef/provider.rb:182:in `run_action'
/opt/chef/embedded/lib/ruby/gems/2.5.0/gems/chef-14.11.21/lib/chef/resource.rb:578:in `run_action'
/opt/chef/embedded/lib/ruby/gems/2.5.0/gems/chef-14.11.21/lib/chef/runner.rb:70:in `run_action'
/opt/chef/embedded/lib/ruby/gems/2.5.0/gems/chef-14.11.21/lib/chef/runner.rb:98:in `block (2 levels) in converge'
/opt/chef/embedded/lib/ruby/gems/2.5.0/gems/chef-14.11.21/lib/chef/runner.rb:98:in `each'
/opt/chef/embedded/lib/ruby/gems/2.5.0/gems/chef-14.11.21/lib/chef/runner.rb:98:in `block in converge'
/opt/chef/embedded/lib/ruby/gems/2.5.0/gems/chef-14.11.21/lib/chef/resource_collection/resource_list.rb:94:in `block in execute_each_resource'
/opt/chef/embedded/lib/ruby/gems/2.5.0/gems/chef-14.11.21/lib/chef/resource_collection/stepable_iterator.rb:114:in `call_iterator_block'
/opt/chef/embedded/lib/ruby/gems/2.5.0/gems/chef-14.11.21/lib/chef/resource_collection/stepable_iterator.rb:85:in `step'
/opt/chef/embedded/lib/ruby/gems/2.5.0/gems/chef-14.11.21/lib/chef/resource_collection/stepable_iterator.rb:103:in `iterate'
/opt/chef/embedded/lib/ruby/gems/2.5.0/gems/chef-14.11.21/lib/chef/resource_collection/stepable_iterator.rb:55:in `each_with_index'
/opt/chef/embedded/lib/ruby/gems/2.5.0/gems/chef-14.11.21/lib/chef/resource_collection/resource_list.rb:92:in `execute_each_resource'
/opt/chef/embedded/lib/ruby/gems/2.5.0/gems/chef-14.11.21/lib/chef/runner.rb:97:in `converge'
/opt/chef/embedded/lib/ruby/gems/2.5.0/gems/chef-14.11.21/lib/chef/client.rb:720:in `block in converge'
/opt/chef/embedded/lib/ruby/gems/2.5.0/gems/chef-14.11.21/lib/chef/client.rb:715:in `catch'
/opt/chef/embedded/lib/ruby/gems/2.5.0/gems/chef-14.11.21/lib/chef/client.rb:715:in `converge'
/opt/chef/embedded/lib/ruby/gems/2.5.0/gems/chef-14.11.21/lib/chef/client.rb:754:in `converge_and_save'
/opt/chef/embedded/lib/ruby/gems/2.5.0/gems/chef-14.11.21/lib/chef/client.rb:286:in `run'
/opt/chef/embedded/lib/ruby/gems/2.5.0/gems/chef-14.11.21/lib/chef/application.rb:303:in `run_with_graceful_exit_option'
/opt/chef/embedded/lib/ruby/gems/2.5.0/gems/chef-14.11.21/lib/chef/application.rb:279:in `block in run_chef_client'
/opt/chef/embedded/lib/ruby/gems/2.5.0/gems/chef-14.11.21/lib/chef/local_mode.rb:44:in `with_server_connectivity'
/opt/chef/embedded/lib/ruby/gems/2.5.0/gems/chef-14.11.21/lib/chef/application.rb:261:in `run_chef_client'
/opt/chef/embedded/lib/ruby/gems/2.5.0/gems/chef-14.11.21/lib/chef/application/client.rb:444:in `run_application'
/opt/chef/embedded/lib/ruby/gems/2.5.0/gems/chef-14.11.21/lib/chef/application.rb:66:in `run'
/opt/chef/embedded/lib/ruby/gems/2.5.0/gems/chef-14.11.21/bin/chef-client:25:in `<top (required)>'
/usr/bin/chef-client:74:in `load'
/usr/bin/chef-client:74:in `<main>'

>>>> Caused by Chef::Exceptions::CookbookNotFound: Cookbook @recipe_files not found. If you're loading @recipe_files from another cookbook, make sure you configure the dependency in your metadata
/opt/chef/embedded/lib/ruby/gems/2.5.0/gems/chef-14.11.21/lib/chef/cookbook/cookbook_collection.rb:39:in `block in initialize'
/opt/chef/embedded/lib/ruby/gems/2.5.0/gems/ohai-14.8.10/lib/ohai/mash.rb:72:in `default'
/opt/chef/embedded/lib/ruby/gems/2.5.0/gems/ohai-14.8.10/lib/ohai/mash.rb:72:in `default'
/opt/chef/embedded/lib/ruby/gems/2.5.0/gems/chef-14.11.21/lib/chef/provider/cookbook_file/content.rb:30:in `[]'
/opt/chef/embedded/lib/ruby/gems/2.5.0/gems/chef-14.11.21/lib/chef/provider/cookbook_file/content.rb:30:in `file_for_provider'
/opt/chef/embedded/lib/ruby/gems/2.5.0/gems/chef-14.11.21/lib/chef/file_content_management/content_base.rb:42:in `tempfile'
/opt/chef/embedded/lib/ruby/gems/2.5.0/gems/chef-14.11.21/lib/chef/provider/file.rb:450:in `tempfile'
/opt/chef/embedded/lib/ruby/gems/2.5.0/gems/chef-14.11.21/lib/chef/provider/file.rb:327:in `do_generate_content'
/opt/chef/embedded/lib/ruby/gems/2.5.0/gems/chef-14.11.21/lib/chef/provider/file.rb:140:in `action_create'
/opt/chef/embedded/lib/ruby/gems/2.5.0/gems/chef-14.11.21/lib/chef/provider.rb:182:in `run_action'
/opt/chef/embedded/lib/ruby/gems/2.5.0/gems/chef-14.11.21/lib/chef/resource.rb:578:in `run_action'
/opt/chef/embedded/lib/ruby/gems/2.5.0/gems/chef-14.11.21/lib/chef/runner.rb:70:in `run_action'
/opt/chef/embedded/lib/ruby/gems/2.5.0/gems/chef-14.11.21/lib/chef/runner.rb:98:in `block (2 levels) in converge'
/opt/chef/embedded/lib/ruby/gems/2.5.0/gems/chef-14.11.21/lib/chef/runner.rb:98:in `each'
/opt/chef/embedded/lib/ruby/gems/2.5.0/gems/chef-14.11.21/lib/chef/runner.rb:98:in `block in converge'
/opt/chef/embedded/lib/ruby/gems/2.5.0/gems/chef-14.11.21/lib/chef/resource_collection/resource_list.rb:94:in `block in execute_each_resource'
/opt/chef/embedded/lib/ruby/gems/2.5.0/gems/chef-14.11.21/lib/chef/resource_collection/stepable_iterator.rb:114:in `call_iterator_block'
/opt/chef/embedded/lib/ruby/gems/2.5.0/gems/chef-14.11.21/lib/chef/resource_collection/stepable_iterator.rb:85:in `step'
/opt/chef/embedded/lib/ruby/gems/2.5.0/gems/chef-14.11.21/lib/chef/resource_collection/stepable_iterator.rb:103:in `iterate'
/opt/chef/embedded/lib/ruby/gems/2.5.0/gems/chef-14.11.21/lib/chef/resource_collection/stepable_iterator.rb:55:in `each_with_index'
/opt/chef/embedded/lib/ruby/gems/2.5.0/gems/chef-14.11.21/lib/chef/resource_collection/resource_list.rb:92:in `execute_each_resource'
/opt/chef/embedded/lib/ruby/gems/2.5.0/gems/chef-14.11.21/lib/chef/runner.rb:97:in `converge'
/opt/chef/embedded/lib/ruby/gems/2.5.0/gems/chef-14.11.21/lib/chef/client.rb:720:in `block in converge'
/opt/chef/embedded/lib/ruby/gems/2.5.0/gems/chef-14.11.21/lib/chef/client.rb:715:in `catch'
/opt/chef/embedded/lib/ruby/gems/2.5.0/gems/chef-14.11.21/lib/chef/client.rb:715:in `converge'
/opt/chef/embedded/lib/ruby/gems/2.5.0/gems/chef-14.11.21/lib/chef/client.rb:754:in `converge_and_save'
/opt/chef/embedded/lib/ruby/gems/2.5.0/gems/chef-14.11.21/lib/chef/client.rb:286:in `run'
/opt/chef/embedded/lib/ruby/gems/2.5.0/gems/chef-14.11.21/lib/chef/application.rb:303:in `run_with_graceful_exit_option'
/opt/chef/embedded/lib/ruby/gems/2.5.0/gems/chef-14.11.21/lib/chef/application.rb:279:in `block in run_chef_client'
/opt/chef/embedded/lib/ruby/gems/2.5.0/gems/chef-14.11.21/lib/chef/local_mode.rb:44:in `with_server_connectivity'
/opt/chef/embedded/lib/ruby/gems/2.5.0/gems/chef-14.11.21/lib/chef/application.rb:261:in `run_chef_client'
/opt/chef/embedded/lib/ruby/gems/2.5.0/gems/chef-14.11.21/lib/chef/application/client.rb:444:in `run_application'
/opt/chef/embedded/lib/ruby/gems/2.5.0/gems/chef-14.11.21/lib/chef/application.rb:66:in `run'
/opt/chef/embedded/lib/ruby/gems/2.5.0/gems/chef-14.11.21/bin/chef-client:25:in `<top (required)>'
/usr/bin/chef-client:74:in `load'
/usr/bin/chef-client:74:in `<main>'